# JRE version: Java(TM) SE Runtime Environment (8.0_271-b09) (build 1.8.0_271-b09)
# Java VM: Java HotSpot(TM) 64-Bit Server VM (25.271-b09 mixed mode windows-amd64 compressed oops)
Heap:
 PSYoungGen      total 136192K, used 36666K [0x00000000d5580000, 0x00000000e3580000, 0x0000000100000000)
  eden space 125440K, 28% used [0x00000000d5580000,0x00000000d7831d08,0x00000000dd000000)
  from space 10752K, 10% used [0x00000000de000000,0x00000000de11cc50,0x00000000dea80000)
  to   space 16384K, 0% used [0x00000000dd000000,0x00000000dd000000,0x00000000de000000)
 ParOldGen       total 175104K, used 13973K [0x0000000080000000, 0x000000008ab00000, 0x00000000d5580000)
  object space 175104K, 7% used [0x0000000080000000,0x0000000080da5568,0x000000008ab00000)
 Metaspace       used 20685K, capacity 21828K, committed 21888K, reserved 1069056K
  class space    used 2577K, capacity 2891K, committed 2944K, reserved 1048576K
GC Heap History (10 events):
Event: 2.374 GC heap before
{Heap before GC invocations=3 (full 0):
 PSYoungGen      total 76288K, used 76286K [0x00000000d5580000, 0x00000000dea80000, 0x0000000100000000)
  eden space 65536K, 100% used [0x00000000d5580000,0x00000000d9580000,0x00000000d9580000)
  from space 10752K, 99% used [0x00000000da000000,0x00000000daa7fb68,0x00000000daa80000)
  to   space 10752K, 0% used [0x00000000d9580000,0x00000000d9580000,0x00000000da000000)
 ParOldGen       total 175104K, used 1769K [0x0000000080000000, 0x000000008ab00000, 0x00000000d5580000)
  object space 175104K, 1% used [0x0000000080000000,0x00000000801ba760,0x000000008ab00000)
 Metaspace       used 15856K, capacity 16320K, committed 16512K, reserved 1062912K
  class space    used 1936K, capacity 2076K, committed 2176K, reserved 1048576K
Event: 2.381 GC heap after
Heap after GC invocations=3 (full 0):
 PSYoungGen      total 76288K, used 9057K [0x00000000d5580000, 0x00000000dea80000, 0x0000000100000000)
  eden space 65536K, 0% used [0x00000000d5580000,0x00000000d5580000,0x00000000d9580000)
  from space 10752K, 84% used [0x00000000d9580000,0x00000000d9e58770,0x00000000da000000)
  to   space 10752K, 0% used [0x00000000de000000,0x00000000de000000,0x00000000dea80000)
 ParOldGen       total 175104K, used 1777K [0x0000000080000000, 0x000000008ab00000, 0x00000000d5580000)
  object space 175104K, 1% used [0x0000000080000000,0x00000000801bc760,0x000000008ab00000)
 Metaspace       used 15856K, capacity 16320K, committed 16512K, reserved 1062912K
  class space    used 1936K, capacity 2076K, committed 2176K, reserved 1048576K
}
Event: 2.562 GC heap before
{Heap before GC invocations=4 (full 0):
 PSYoungGen      total 76288K, used 74593K [0x00000000d5580000, 0x00000000dea80000, 0x0000000100000000)
  eden space 65536K, 100% used [0x00000000d5580000,0x00000000d9580000,0x00000000d9580000)
  from space 10752K, 84% used [0x00000000d9580000,0x00000000d9e58770,0x00000000da000000)
  to   space 10752K, 0% used [0x00000000de000000,0x00000000de000000,0x00000000dea80000)
 ParOldGen       total 175104K, used 1777K [0x0000000080000000, 0x000000008ab00000, 0x00000000d5580000)
  object space 175104K, 1% used [0x0000000080000000,0x00000000801bc760,0x000000008ab00000)
 Metaspace       used 15878K, capacity 16320K, committed 16512K, reserved 1062912K
  class space    used 1936K, capacity 2076K, committed 2176K, reserved 1048576K
Event: 2.570 GC heap after
Heap after GC invocations=4 (full 0):
 PSYoungGen      total 141824K, used 9982K [0x00000000d5580000, 0x00000000dea80000, 0x0000000100000000)
  eden space 131072K, 0% used [0x00000000d5580000,0x00000000d5580000,0x00000000dd580000)
  from space 10752K, 92% used [0x00000000de000000,0x00000000de9bfb48,0x00000000dea80000)
  to   space 10752K, 0% used [0x00000000dd580000,0x00000000dd580000,0x00000000de000000)
 ParOldGen       total 175104K, used 1785K [0x0000000080000000, 0x000000008ab00000, 0x00000000d5580000)
  object space 175104K, 1% used [0x0000000080000000,0x00000000801be760,0x000000008ab00000)
 Metaspace       used 15878K, capacity 16320K, committed 16512K, reserved 1062912K
  class space    used 1936K, capacity 2076K, committed 2176K, reserved 1048576K
}
Event: 3.347 GC heap before
{Heap before GC invocations=5 (full 0):
 PSYoungGen      total 141824K, used 69706K [0x00000000d5580000, 0x00000000dea80000, 0x0000000100000000)
  eden space 131072K, 45% used [0x00000000d5580000,0x00000000d8fd2ff0,0x00000000dd580000)
  from space 10752K, 92% used [0x00000000de000000,0x00000000de9bfb48,0x00000000dea80000)
  to   space 10752K, 0% used [0x00000000dd580000,0x00000000dd580000,0x00000000de000000)
 ParOldGen       total 175104K, used 1785K [0x0000000080000000, 0x000000008ab00000, 0x00000000d5580000)
  object space 175104K, 1% used [0x0000000080000000,0x00000000801be760,0x000000008ab00000)
 Metaspace       used 20104K, capacity 21072K, committed 21248K, reserved 1067008K
  class space    used 2485K, capacity 2703K, committed 2816K, reserved 1048576K
Event: 3.359 GC heap after
Heap after GC invocations=5 (full 0):
 PSYoungGen      total 141824K, used 10732K [0x00000000d5580000, 0x00000000dea80000, 0x0000000100000000)
  eden space 131072K, 0% used [0x00000000d5580000,0x00000000d5580000,0x00000000dd580000)
  from space 10752K, 99% used [0x00000000dd580000,0x00000000ddffb260,0x00000000de000000)
  to   space 10752K, 0% used [0x00000000de000000,0x00000000de000000,0x00000000dea80000)
 ParOldGen       total 175104K, used 4681K [0x0000000080000000, 0x000000008ab00000, 0x00000000d5580000)
  object space 175104K, 2% used [0x0000000080000000,0x0000000080492438,0x000000008ab00000)
 Metaspace       used 20104K, capacity 21072K, committed 21248K, reserved 1067008K
  class space    used 2485K, capacity 2703K, committed 2816K, reserved 1048576K
}
Event: 3.359 GC heap before
{Heap before GC invocations=6 (full 1):
 PSYoungGen      total 141824K, used 10732K [0x00000000d5580000, 0x00000000dea80000, 0x0000000100000000)
  eden space 131072K, 0% used [0x00000000d5580000,0x00000000d5580000,0x00000000dd580000)
  from space 10752K, 99% used [0x00000000dd580000,0x00000000ddffb260,0x00000000de000000)
  to   space 10752K, 0% used [0x00000000de000000,0x00000000de000000,0x00000000dea80000)
 ParOldGen       total 175104K, used 4681K [0x0000000080000000, 0x000000008ab00000, 0x00000000d5580000)
  object space 175104K, 2% used [0x0000000080000000,0x0000000080492438,0x000000008ab00000)
 Metaspace       used 20104K, capacity 21072K, committed 21248K, reserved 1067008K
  class space    used 2485K, capacity 2703K, committed 2816K, reserved 1048576K
Event: 3.422 GC heap after
Heap after GC invocations=6 (full 1):
 PSYoungGen      total 141824K, used 0K [0x00000000d5580000, 0x00000000dea80000, 0x0000000100000000)
  eden space 131072K, 0% used [0x00000000d5580000,0x00000000d5580000,0x00000000dd580000)
  from space 10752K, 0% used [0x00000000dd580000,0x00000000dd580000,0x00000000de000000)
  to   space 10752K, 0% used [0x00000000de000000,0x00000000de000000,0x00000000dea80000)
 ParOldGen       total 175104K, used 13965K [0x0000000080000000, 0x000000008ab00000, 0x00000000d5580000)
  object space 175104K, 7% used [0x0000000080000000,0x0000000080da3568,0x000000008ab00000)
 Metaspace       used 20104K, capacity 21072K, committed 21248K, reserved 1067008K
  class space    used 2485K, capacity 2703K, committed 2816K, reserved 1048576K
}
Event: 3.683 GC heap before
{Heap before GC invocations=7 (full 1):
 PSYoungGen      total 141824K, used 131072K [0x00000000d5580000, 0x00000000dea80000, 0x0000000100000000)
  eden space 131072K, 100% used [0x00000000d5580000,0x00000000dd580000,0x00000000dd580000)
  from space 10752K, 0% used [0x00000000dd580000,0x00000000dd580000,0x00000000de000000)
  to   space 10752K, 0% used [0x00000000de000000,0x00000000de000000,0x00000000dea80000)
 ParOldGen       total 175104K, used 13965K [0x0000000080000000, 0x000000008ab00000, 0x00000000d5580000)
  object space 175104K, 7% used [0x0000000080000000,0x0000000080da3568,0x000000008ab00000)
 Metaspace       used 20357K, capacity 21412K, committed 21632K, reserved 1069056K
  class space    used 2531K, capacity 2819K, committed 2944K, reserved 1048576K
Event: 3.686 GC heap after
Heap after GC invocations=7 (full 1):
 PSYoungGen      total 136192K, used 1139K [0x00000000d5580000, 0x00000000e3580000, 0x0000000100000000)
  eden space 125440K, 0% used [0x00000000d5580000,0x00000000d5580000,0x00000000dd000000)
  from space 10752K, 10% used [0x00000000de000000,0x00000000de11cc50,0x00000000dea80000)
  to   space 16384K, 0% used [0x00000000dd000000,0x00000000dd000000,0x00000000de000000)
 ParOldGen       total 175104K, used 13973K [0x0000000080000000, 0x000000008ab00000, 0x00000000d5580000)
  object space 175104K, 7% used [0x0000000080000000,0x0000000080da5568,0x000000008ab00000)
 Metaspace       used 20357K, capacity 21412K, committed 21632K, reserved 1069056K
  class space    used 2531K, capacity 2819K, committed 2944K, reserved 1048576K
}

